[01:11] jethros@tuco ~/dev/openNetVM/dpdk/examples/l3fwd ((v18.11) *%) $ sudo ./run.sh
+ ./build/l3fwd -l 2-5 -n 4 -w 01:00.0 -w 01:00.1 -- -p 0x3 --config '(0,0,2),(0,1,3),(1,0,4),(1,1,5)'
EAL: Detected 6 lcore(s)
EAL: Detected 1 NUMA nodes
EAL: Multi-process socket /var/run/dpdk/rte/mp_socket
EAL: Probing VFIO support...
EAL: PCI device 0000:01:00.0 on NUMA socket -1
EAL:   Invalid NUMA socket, default to 0
EAL:   probe driver: 8086:1583 net_i40e
EAL: PCI device 0000:01:00.1 on NUMA socket -1
EAL:   Invalid NUMA socket, default to 0
EAL:   probe driver: 8086:1583 net_i40e
LPM or EM none selected, default LPM on
Initializing port 0 ... Creating queues: nb_rxq=2 nb_txq=4... Port 0 modified RSS hash function based on hardware support,requested:0xa38c configured:0x2288
 Address:F8:F2:1E:2E:9C:50, Destination:02:00:00:00:00:00, Allocated mbuf pool on socket 0
LPM: Adding route 0x01010100 / 24 (0)
LPM: Adding route 0x02010100 / 24 (1)
LPM: Adding route IPV6 / 48 (0)
LPM: Adding route IPV6 / 48 (1)
txq=2,0,0 txq=3,1,0 txq=4,2,0 txq=5,3,0
Initializing port 1 ... Creating queues: nb_rxq=2 nb_txq=4... Port 1 modified RSS hash function based on hardware support,requested:0xa38c configured:0x2288
 Address:F8:F2:1E:2E:9C:51, Destination:02:00:00:00:00:01, txq=2,0,0 txq=3,1,0 txq=4,2,0 txq=5,3,0

Initializing rx queues on lcore 2 ... rxq=0,0,0
Initializing rx queues on lcore 3 ... rxq=0,1,0
Initializing rx queues on lcore 4 ... rxq=1,0,0
Initializing rx queues on lcore 5 ... rxq=1,1,0


Checking link status.........done
Port0 Link Up. Speed 40000 Mbps -full-duplex
Port1 Link Up. Speed 40000 Mbps -full-duplex
L3FWD: entering main loop on lcore 3
L3FWD:  -- lcoreid=3 portid=0 rxqueueid=1
L3FWD: entering main loop on lcore 5
L3FWD:  -- lcoreid=5 portid=1 rxqueueid=1
L3FWD: entering main loop on lcore 4
L3FWD:  -- lcoreid=4 portid=1 rxqueueid=0
L3FWD: entering main loop on lcore 2
L3FWD:  -- lcoreid=2 portid=0 rxqueueid=0
^C

Signal 2 received, preparing to exit...
Closing port 0... Done
Closing port 1... Done
Bye...
